0 info it worked if it ends with ok
1 verbose cli [ 'node',
1 verbose cli   '/home/ubuntu/.nvm/v0.10.35/bin/npm',
1 verbose cli   'start',
1 verbose cli   '--',
1 verbose cli   'reade1' ]
2 info using npm@2.5.1
3 info using node@v0.10.35
4 verbose run-script [ 'prestart', 'start', 'poststart' ]
5 info prestart flapper-news@0.0.0
6 info start flapper-news@0.0.0
7 verbose unsafe-perm in lifecycle true
8 info flapper-news@0.0.0 Failed to exec start script
9 verbose stack Error: flapper-news@0.0.0 start: `node ./bin/www.js reade1`
9 verbose stack Exit status 8
9 verbose stack     at EventEmitter.<anonymous> (/home/ubuntu/.nvm/v0.10.35/lib/node_modules/npm/lib/utils/lifecycle.js:213:16)
9 verbose stack     at EventEmitter.emit (events.js:98:17)
9 verbose stack     at ChildProcess.<anonymous> (/home/ubuntu/.nvm/v0.10.35/lib/node_modules/npm/lib/utils/spawn.js:14:12)
9 verbose stack     at ChildProcess.emit (events.js:98:17)
9 verbose stack     at maybeClose (child_process.js:766:16)
9 verbose stack     at Process.ChildProcess._handle.onexit (child_process.js:833:5)
10 verbose pkgid flapper-news@0.0.0
11 verbose cwd /home/ubuntu/workspace
12 error Linux 3.14.13-c9
13 error argv "node" "/home/ubuntu/.nvm/v0.10.35/bin/npm" "start" "--" "reade1"
14 error node v0.10.35
15 error npm  v2.5.1
16 error code ELIFECYCLE
17 error flapper-news@0.0.0 start: `node ./bin/www.js reade1`
17 error Exit status 8
18 error Failed at the flapper-news@0.0.0 start script 'node ./bin/www.js reade1'.
18 error This is most likely a problem with the flapper-news package,
18 error not with npm itself.
18 error Tell the author that this fails on your system:
18 error     node ./bin/www.js reade1
18 error You can get their info via:
18 error     npm owner ls flapper-news
18 error There is likely additional logging output above.
19 verbose exit [ 1, true ]
